WARNING: A terminally deprecated method in sun.misc.Unsafe has been called
WARNING: sun.misc.Unsafe::staticFieldBase has been called by com.google.inject.internal.aop.HiddenClassDefiner (file:/home/antonio/.m2/wrapper/dists/apache-maven-3.9.11/a2d47e15/lib/guice-5.1.0-classes.jar)
WARNING: Please consider reporting this to the maintainers of class com.google.inject.internal.aop.HiddenClassDefiner
WARNING: sun.misc.Unsafe::staticFieldBase will be removed in a future release
[INFO] Scanning for projects...
[INFO] 
[INFO] ---------------------< com.samalombo:ReciclaVille >---------------------
[INFO] Building ReciclaVille 0.0.1-SNAPSHOT
[INFO]   from pom.xml
[INFO] --------------------------------[ jar ]---------------------------------
[INFO] 
[INFO] >>> spring-boot:3.5.6:run (default-cli) > test-compile @ ReciclaVille >>>
[INFO] 
[INFO] --- resources:3.3.1:resources (default-resources) @ ReciclaVille ---
[INFO] Copying 1 resource from src/main/resources to target/classes
[INFO] Copying 0 resource from src/main/resources to target/classes
[INFO] 
[INFO] --- compiler:3.14.0:compile (default-compile) @ ReciclaVille ---
[INFO] Nothing to compile - all classes are up to date.
[INFO] 
[INFO] --- resources:3.3.1:testResources (default-testResources) @ ReciclaVille ---
[INFO] skip non existing resourceDirectory /home/antonio/Desktop/Área de trabalho/Curso FuturoDev (senai)/Modulo 02 back end/projeto final/ReciclaVille/src/test/resources
[INFO] 
[INFO] --- compiler:3.14.0:testCompile (default-testCompile) @ ReciclaVille ---
[INFO] Nothing to compile - all classes are up to date.
[INFO] 
[INFO] <<< spring-boot:3.5.6:run (default-cli) < test-compile @ ReciclaVille <<<
[INFO] 
[INFO] 
[INFO] --- spring-boot:3.5.6:run (default-cli) @ ReciclaVille ---
[INFO] Attaching agents: []

  .   ____          _            __ _ _
 /\\ / ___'_ __ _ _(_)_ __  __ _ \ \ \ \
( ( )\___ | '_ | '_| | '_ \/ _` | \ \ \ \
 \\/  ___)| |_)| | | | | || (_| |  ) ) ) )
  '  |____| .__|_| |_|_| |_\__, | / / / /
 =========|_|==============|___/=/_/_/_/

 :: Spring Boot ::                (v3.5.6)

2025-09-21T13:14:02.457-03:00  INFO 175253 --- [ReciclaVille] [           main] c.s.R.ReciclaVilleApplication            : Starting ReciclaVilleApplication using Java 24.0.1 with PID 175253 (/home/antonio/Desktop/Área de trabalho/Curso FuturoDev (senai)/Modulo 02 back end/projeto final/ReciclaVille/target/classes started by antonio in /home/antonio/Desktop/Área de trabalho/Curso FuturoDev (senai)/Modulo 02 back end/projeto final/ReciclaVille)
2025-09-21T13:14:02.461-03:00  INFO 175253 --- [ReciclaVille] [           main] c.s.R.ReciclaVilleApplication            : No active profile set, falling back to 1 default profile: "default"
2025-09-21T13:14:04.052-03:00  INFO 175253 --- [ReciclaVille] [           main] .s.d.r.c.RepositoryConfigurationDelegate : Bootstrapping Spring Data JPA repositories in DEFAULT mode.
2025-09-21T13:14:04.168-03:00  INFO 175253 --- [ReciclaVille] [           main] .s.d.r.c.RepositoryConfigurationDelegate : Finished Spring Data repository scanning in 101 ms. Found 5 JPA repository interfaces.
2025-09-21T13:14:05.081-03:00  INFO 175253 --- [ReciclaVille] [           main] o.s.b.w.embedded.tomcat.TomcatWebServer  : Tomcat initialized with port 8081 (http)
2025-09-21T13:14:05.103-03:00  INFO 175253 --- [ReciclaVille] [           main] o.apache.catalina.core.StandardService   : Starting service [Tomcat]
2025-09-21T13:14:05.104-03:00  INFO 175253 --- [ReciclaVille] [           main] o.apache.catalina.core.StandardEngine    : Starting Servlet engine: [Apache Tomcat/10.1.46]
2025-09-21T13:14:05.180-03:00  INFO 175253 --- [ReciclaVille] [           main] o.a.c.c.C.[Tomcat].[localhost].[/]       : Initializing Spring embedded WebApplicationContext
2025-09-21T13:14:05.182-03:00  INFO 175253 --- [ReciclaVille] [           main] w.s.c.ServletWebServerApplicationContext : Root WebApplicationContext: initialization completed in 2625 ms
2025-09-21T13:14:05.551-03:00  INFO 175253 --- [ReciclaVille] [           main] o.hibernate.jpa.internal.util.LogHelper  : HHH000204: Processing PersistenceUnitInfo [name: default]
2025-09-21T13:14:05.656-03:00  INFO 175253 --- [ReciclaVille] [           main] org.hibernate.Version                    : HHH000412: Hibernate ORM core version 6.6.29.Final
2025-09-21T13:14:05.764-03:00  INFO 175253 --- [ReciclaVille] [           main] o.h.c.internal.RegionFactoryInitiator    : HHH000026: Second-level cache disabled
2025-09-21T13:14:06.223-03:00  INFO 175253 --- [ReciclaVille] [           main] o.s.o.j.p.SpringPersistenceUnitInfo      : No LoadTimeWeaver setup: ignoring JPA class transformer
2025-09-21T13:14:06.261-03:00  INFO 175253 --- [ReciclaVille] [           main] com.zaxxer.hikari.HikariDataSource       : HikariPool-1 - Starting...
2025-09-21T13:14:06.664-03:00  INFO 175253 --- [ReciclaVille] [           main] com.zaxxer.hikari.pool.HikariPool        : HikariPool-1 - Added connection conn0: url=jdbc:h2:mem:testdb user=SA
2025-09-21T13:14:06.667-03:00  INFO 175253 --- [ReciclaVille] [           main] com.zaxxer.hikari.HikariDataSource       : HikariPool-1 - Start completed.
2025-09-21T13:14:06.711-03:00  WARN 175253 --- [ReciclaVille] [           main] org.hibernate.orm.deprecation            : HHH90000025: H2Dialect does not need to be specified explicitly using 'hibernate.dialect' (remove the property setting and it will be selected by default)
2025-09-21T13:14:06.741-03:00  INFO 175253 --- [ReciclaVille] [           main] org.hibernate.orm.connections.pooling    : HHH10001005: Database info:
	Database JDBC URL [Connecting through datasource 'HikariDataSource (HikariPool-1)']
	Database driver: undefined/unknown
	Database version: 2.3.232
	Autocommit mode: undefined/unknown
	Isolation level: undefined/unknown
	Minimum pool size: undefined/unknown
	Maximum pool size: undefined/unknown
2025-09-21T13:14:08.375-03:00  INFO 175253 --- [ReciclaVille] [           main] o.h.e.t.j.p.i.JtaPlatformInitiator       : HHH000489: No JTA platform available (set 'hibernate.transaction.jta.platform' to enable JTA platform integration)
Hibernate: 
    drop table if exists categorias cascade 
Hibernate: 
    drop table if exists clientes cascade 
Hibernate: 
    drop table if exists declaracoes cascade 
Hibernate: 
    drop table if exists itens_declaracao cascade 
Hibernate: 
    drop table if exists materiais cascade 
Hibernate: 
    drop table if exists usuarios cascade 
Hibernate: 
    create table categorias (
        categoria_pai_id bigint,
        id bigint generated by default as identity,
        descricao varchar(255),
        nome varchar(255) not null,
        primary key (id)
    )
Hibernate: 
    create table clientes (
        id bigint generated by default as identity,
        atividade_economica varchar(255) not null,
        cnpj varchar(255) not null unique,
        nome varchar(255) not null,
        responsavel varchar(255) not null,
        primary key (id)
    )
Hibernate: 
    create table declaracoes (
        data_declaracao date not null,
        data_final_periodo date not null,
        data_inicial_periodo date not null,
        total_compensacao numeric(10,2) not null,
        total_materiais numeric(10,2) not null,
        cliente_id bigint not null,
        id bigint generated by default as identity,
        primary key (id)
    )
Hibernate: 
    create table itens_declaracao (
        percentual_compensacao numeric(5,2) not null,
        toneladas_compensacao numeric(10,2) not null,
        toneladas_declaradas numeric(10,2) not null,
        declaracao_id bigint not null,
        id bigint generated by default as identity,
        material_id bigint not null,
        primary key (id)
    )
Hibernate: 
    create table materiais (
        percentual_compensacao numeric(5,2) not null,
        categoria_id bigint not null,
        id bigint generated by default as identity,
        nome varchar(255) not null,
        primary key (id)
    )
Hibernate: 
    create table usuarios (
        cliente_id bigint,
        id bigint generated by default as identity,
        nome varchar(255) not null,
        nome_usuario varchar(255) not null unique,
        senha varchar(255) not null,
        perfil enum ('ADMIN','USER') not null,
        primary key (id)
    )
Hibernate: 
    alter table if exists categorias 
       add constraint FKg020appl1v0ls162abbhm557s 
       foreign key (categoria_pai_id) 
       references categorias
Hibernate: 
    alter table if exists declaracoes 
       add constraint FKes8y369efd75xjiuynmuy56bq 
       foreign key (cliente_id) 
       references clientes
Hibernate: 
    alter table if exists itens_declaracao 
       add constraint FKplamt8tsb7jy9lt4jk16nxyhs 
       foreign key (declaracao_id) 
       references declaracoes
Hibernate: 
    alter table if exists itens_declaracao 
       add constraint FKeemgeprf6nuexw9r2dtblm2rk 
       foreign key (material_id) 
       references materiais
Hibernate: 
    alter table if exists materiais 
       add constraint FKso2m52xtdgp6t0ve0cdwa59rj 
       foreign key (categoria_id) 
       references categorias
Hibernate: 
    alter table if exists usuarios 
       add constraint FKdx76w4skuwj8wldmr7ebfyegq 
       foreign key (cliente_id) 
       references clientes
2025-09-21T13:14:08.489-03:00  INFO 175253 --- [ReciclaVille] [           main] j.LocalContainerEntityManagerFactoryBean : Initialized JPA EntityManagerFactory for persistence unit 'default'
2025-09-21T13:14:09.088-03:00  INFO 175253 --- [ReciclaVille] [           main] o.s.d.j.r.query.QueryEnhancerFactory     : Hibernate is in classpath; If applicable, HQL parser will be used.
2025-09-21T13:14:10.189-03:00  WARN 175253 --- [ReciclaVille] [           main] JpaBaseConfiguration$JpaWebConfiguration : spring.jpa.open-in-view is enabled by default. Therefore, database queries may be performed during view rendering. Explicitly configure spring.jpa.open-in-view to disable this warning
2025-09-21T13:14:10.487-03:00  WARN 175253 --- [ReciclaVille] [           main] .s.s.UserDetailsServiceAutoConfiguration : 

Using generated security password: 33ee48a0-b944-49f2-902e-aceb58c24597

This generated password is for development use only. Your security configuration must be updated before running your application in production.

2025-09-21T13:14:10.497-03:00  INFO 175253 --- [ReciclaVille] [           main] r$InitializeUserDetailsManagerConfigurer : Global AuthenticationManager configured with UserDetailsService bean with name inMemoryUserDetailsManager
2025-09-21T13:14:10.835-03:00  INFO 175253 --- [ReciclaVille] [           main] o.s.b.a.h2.H2ConsoleAutoConfiguration    : H2 console available at '/h2-console'. Database available at 'jdbc:h2:mem:testdb'
2025-09-21T13:14:10.951-03:00  INFO 175253 --- [ReciclaVille] [           main] o.s.b.w.embedded.tomcat.TomcatWebServer  : Tomcat started on port 8081 (http) with context path '/'
2025-09-21T13:14:10.965-03:00  INFO 175253 --- [ReciclaVille] [           main] c.s.R.ReciclaVilleApplication            : Started ReciclaVilleApplication in 9.941 seconds (process running for 10.565)
Hibernate: 
    select
        u1_0.id,
        u1_0.cliente_id,
        u1_0.nome,
        u1_0.nome_usuario,
        u1_0.perfil,
        u1_0.senha 
    from
        usuarios u1_0 
    where
        u1_0.nome_usuario=?
Hibernate: 
    insert 
    into
        usuarios
        (cliente_id, nome, nome_usuario, perfil, senha, id) 
    values
        (?, ?, ?, ?, ?, default)
Usuário admin criado com sucesso!
2025-09-21T13:14:17.059-03:00  INFO 175253 --- [ReciclaVille] [nio-8081-exec-1] o.a.c.c.C.[Tomcat].[localhost].[/]       : Initializing Spring DispatcherServlet 'dispatcherServlet'
2025-09-21T13:14:17.060-03:00  INFO 175253 --- [ReciclaVille] [nio-8081-exec-1] o.s.web.servlet.DispatcherServlet        : Initializing Servlet 'dispatcherServlet'
2025-09-21T13:14:17.063-03:00  INFO 175253 --- [ReciclaVille] [nio-8081-exec-1] o.s.web.servlet.DispatcherServlet        : Completed initialization in 3 ms
Hibernate: 
    select
        u1_0.id,
        u1_0.cliente_id,
        u1_0.nome,
        u1_0.nome_usuario,
        u1_0.perfil,
        u1_0.senha 
    from
        usuarios u1_0 
    where
        u1_0.nome_usuario=?
Hibernate: 
    select
        u1_0.id,
        u1_0.cliente_id,
        u1_0.nome,
        u1_0.nome_usuario,
        u1_0.perfil,
        u1_0.senha 
    from
        usuarios u1_0 
    where
        u1_0.nome_usuario=?
Hibernate: 
    select
        u1_0.id,
        u1_0.cliente_id,
        u1_0.nome,
        u1_0.nome_usuario,
        u1_0.perfil,
        u1_0.senha 
    from
        usuarios u1_0 
    where
        u1_0.nome_usuario=?
Hibernate: 
    select
        u1_0.id,
        u1_0.cliente_id,
        u1_0.nome,
        u1_0.nome_usuario,
        u1_0.perfil,
        u1_0.senha 
    from
        usuarios u1_0 
    where
        u1_0.nome_usuario=?
2025-09-21T13:21:44.744-03:00  INFO 175253 --- [ReciclaVille] [ionShutdownHook] o.s.b.w.e.tomcat.GracefulShutdown        : Commencing graceful shutdown. Waiting for active requests to complete
2025-09-21T13:21:44.827-03:00  INFO 175253 --- [ReciclaVille] [tomcat-shutdown] o.s.b.w.e.tomcat.GracefulShutdown        : Graceful shutdown complete
2025-09-21T13:21:44.938-03:00  INFO 175253 --- [ReciclaVille] [ionShutdownHook] j.LocalContainerEntityManagerFactoryBean : Closing JPA EntityManagerFactory for persistence unit 'default'
Hibernate: 
    drop table if exists categorias cascade 
Hibernate: 
    drop table if exists clientes cascade 
Hibernate: 
    drop table if exists declaracoes cascade 
Hibernate: 
    drop table if exists itens_declaracao cascade 
Hibernate: 
    drop table if exists materiais cascade 
Hibernate: 
    drop table if exists usuarios cascade 
2025-09-21T13:21:45.095-03:00  INFO 175253 --- [ReciclaVille] [ionShutdownHook] com.zaxxer.hikari.HikariDataSource       : HikariPool-1 - Shutdown initiated...
2025-09-21T13:21:45.160-03:00  INFO 175253 --- [ReciclaVille] [ionShutdownHook] com.zaxxer.hikari.HikariDataSource       : HikariPool-1 - Shutdown completed.
[INFO] ------------------------------------------------------------------------
[INFO] BUILD FAILURE
[INFO] ------------------------------------------------------------------------
[INFO] Total time:  07:48 min
[INFO] Finished at: 2025-09-21T13:21:45-03:00
[INFO] ------------------------------------------------------------------------
[ERROR] Failed to execute goal org.springframework.boot:spring-boot-maven-plugin:3.5.6:run (default-cli) on project ReciclaVille: Process terminated with exit code: 143 -> [Help 1]
[ERROR] 
[ERROR] To see the full stack trace of the errors, re-run Maven with the -e switch.
[ERROR] Re-run Maven using the -X switch to enable full debug logging.
[ERROR] 
[ERROR] For more information about the errors and possible solutions, please read the following articles:
[ERROR] [Help 1] http://cwiki.apache.org/confluence/display/MAVEN/MojoExecutionException
